2023-03-11T09:51:34.2772582 400 : [{"timestamp":"2023-03-11T14:51:34.245+00:00","status":400,"error":"Bad Request","message":"Validation failed for object='transfer'. Error count: 1","errors":[{"codes":["DecimalMin.transfer.amount","De... (625 bytes)]
2023-03-11T09:52:33.9762919 400 : [{"timestamp":"2023-03-11T14:52:33.958+00:00","status":400,"error":"Bad Request","message":"Validation failed for object='transfer'. Error count: 1","errors":[{"codes":["DecimalMin.transfer.amount","De... (624 bytes)]
2023-03-11T09:56:14.3540283 401 : [no body]
2023-03-11T10:01:53.5639114 400 : [{"timestamp":"2023-03-11T15:01:53.546+00:00","status":400,"error":"Bad Request","message":"Validation failed for object='transfer'. Error count: 1","errors":[{"codes":["DecimalMin.transfer.amount","De... (627 bytes)]
2023-03-11T16:54:29.7701684 400 : [{"timestamp":"2023-03-11T21:54:29.750+00:00","status":400,"error":"Bad Request","message":"Failed to convert value of type 'java.lang.String' to required type 'int'; nested exception is java.lang.NumberFormatException: For input string: \"status\"","path":"/transfers/status/2"}]
2023-03-11T16:54:29.7848041 400 : [{"timestamp":"2023-03-11T21:54:29.783+00:00","status":400,"error":"Bad Request","message":"Failed to convert value of type 'java.lang.String' to required type 'int'; nested exception is java.lang.NumberFormatException: For input string: \"status\"","path":"/transfers/status/2"}]
2023-03-11T16:54:29.7954273 400 : [{"timestamp":"2023-03-11T21:54:29.793+00:00","status":400,"error":"Bad Request","message":"Failed to convert value of type 'java.lang.String' to required type 'int'; nested exception is java.lang.NumberFormatException: For input string: \"status\"","path":"/transfers/status/2"}]
2023-03-11T16:54:29.8094302 400 : [{"timestamp":"2023-03-11T21:54:29.808+00:00","status":400,"error":"Bad Request","message":"Failed to convert value of type 'java.lang.String' to required type 'int'; nested exception is java.lang.NumberFormatException: For input string: \"status\"","path":"/transfers/status/2"}]
2023-03-11T16:54:29.8195278 400 : [{"timestamp":"2023-03-11T21:54:29.818+00:00","status":400,"error":"Bad Request","message":"Failed to convert value of type 'java.lang.String' to required type 'int'; nested exception is java.lang.NumberFormatException: For input string: \"status\"","path":"/transfers/status/2"}]
2023-03-11T16:54:29.8330857 400 : [{"timestamp":"2023-03-11T21:54:29.832+00:00","status":400,"error":"Bad Request","message":"Failed to convert value of type 'java.lang.String' to required type 'int'; nested exception is java.lang.NumberFormatException: For input string: \"status\"","path":"/transfers/status/2"}]
2023-03-11T16:54:29.844078 400 : [{"timestamp":"2023-03-11T21:54:29.842+00:00","status":400,"error":"Bad Request","message":"Failed to convert value of type 'java.lang.String' to required type 'int'; nested exception is java.lang.NumberFormatException: For input string: \"status\"","path":"/transfers/status/2"}]
2023-03-11T16:54:29.8576205 400 : [{"timestamp":"2023-03-11T21:54:29.855+00:00","status":400,"error":"Bad Request","message":"Failed to convert value of type 'java.lang.String' to required type 'int'; nested exception is java.lang.NumberFormatException: For input string: \"status\"","path":"/transfers/status/2"}]
2023-03-11T16:54:29.867627 400 : [{"timestamp":"2023-03-11T21:54:29.866+00:00","status":400,"error":"Bad Request","message":"Failed to convert value of type 'java.lang.String' to required type 'int'; nested exception is java.lang.NumberFormatException: For input string: \"status\"","path":"/transfers/status/2"}]
2023-03-11T16:54:29.8796431 400 : [{"timestamp":"2023-03-11T21:54:29.878+00:00","status":400,"error":"Bad Request","message":"Failed to convert value of type 'java.lang.String' to required type 'int'; nested exception is java.lang.NumberFormatException: For input string: \"status\"","path":"/transfers/status/2"}]
2023-03-11T16:54:29.8936459 400 : [{"timestamp":"2023-03-11T21:54:29.892+00:00","status":400,"error":"Bad Request","message":"Failed to convert value of type 'java.lang.String' to required type 'int'; nested exception is java.lang.NumberFormatException: For input string: \"status\"","path":"/transfers/status/1"}]
2023-03-11T16:54:29.9086617 400 : [{"timestamp":"2023-03-11T21:54:29.907+00:00","status":400,"error":"Bad Request","message":"Failed to convert value of type 'java.lang.String' to required type 'int'; nested exception is java.lang.NumberFormatException: For input string: \"status\"","path":"/transfers/status/1"}]
2023-03-11T16:54:29.9201794 400 : [{"timestamp":"2023-03-11T21:54:29.919+00:00","status":400,"error":"Bad Request","message":"Failed to convert value of type 'java.lang.String' to required type 'int'; nested exception is java.lang.NumberFormatException: For input string: \"status\"","path":"/transfers/status/1"}]
2023-03-11T16:54:29.9327106 400 : [{"timestamp":"2023-03-11T21:54:29.930+00:00","status":400,"error":"Bad Request","message":"Failed to convert value of type 'java.lang.String' to required type 'int'; nested exception is java.lang.NumberFormatException: For input string: \"status\"","path":"/transfers/status/1"}]
2023-03-11T16:54:29.9441485 400 : [{"timestamp":"2023-03-11T21:54:29.942+00:00","status":400,"error":"Bad Request","message":"Failed to convert value of type 'java.lang.String' to required type 'int'; nested exception is java.lang.NumberFormatException: For input string: \"status\"","path":"/transfers/status/2"}]
2023-03-11T16:54:29.9596533 400 : [{"timestamp":"2023-03-11T21:54:29.958+00:00","status":400,"error":"Bad Request","message":"Failed to convert value of type 'java.lang.String' to required type 'int'; nested exception is java.lang.NumberFormatException: For input string: \"status\"","path":"/transfers/status/1"}]
2023-03-11T16:54:29.9726813 400 : [{"timestamp":"2023-03-11T21:54:29.969+00:00","status":400,"error":"Bad Request","message":"Failed to convert value of type 'java.lang.String' to required type 'int'; nested exception is java.lang.NumberFormatException: For input string: \"status\"","path":"/transfers/status/1"}]
2023-03-11T16:54:29.9846915 400 : [{"timestamp":"2023-03-11T21:54:29.983+00:00","status":400,"error":"Bad Request","message":"Failed to convert value of type 'java.lang.String' to required type 'int'; nested exception is java.lang.NumberFormatException: For input string: \"status\"","path":"/transfers/status/2"}]
2023-03-11T16:54:29.998217 400 : [{"timestamp":"2023-03-11T21:54:29.997+00:00","status":400,"error":"Bad Request","message":"Failed to convert value of type 'java.lang.String' to required type 'int'; nested exception is java.lang.NumberFormatException: For input string: \"status\"","path":"/transfers/status/2"}]
2023-03-11T16:54:30.0112443 400 : [{"timestamp":"2023-03-11T21:54:30.010+00:00","status":400,"error":"Bad Request","message":"Failed to convert value of type 'java.lang.String' to required type 'int'; nested exception is java.lang.NumberFormatException: For input string: \"status\"","path":"/transfers/status/1"}]
2023-03-11T16:54:30.0262613 400 : [{"timestamp":"2023-03-11T21:54:30.025+00:00","status":400,"error":"Bad Request","message":"Failed to convert value of type 'java.lang.String' to required type 'int'; nested exception is java.lang.NumberFormatException: For input string: \"status\"","path":"/transfers/status/1"}]
2023-03-11T16:54:30.0413078 400 : [{"timestamp":"2023-03-11T21:54:30.039+00:00","status":400,"error":"Bad Request","message":"Failed to convert value of type 'java.lang.String' to required type 'int'; nested exception is java.lang.NumberFormatException: For input string: \"status\"","path":"/transfers/status/2"}]
2023-03-11T16:54:30.0523384 400 : [{"timestamp":"2023-03-11T21:54:30.050+00:00","status":400,"error":"Bad Request","message":"Failed to convert value of type 'java.lang.String' to required type 'int'; nested exception is java.lang.NumberFormatException: For input string: \"status\"","path":"/transfers/status/2"}]
2023-03-11T16:54:30.0668524 400 : [{"timestamp":"2023-03-11T21:54:30.066+00:00","status":400,"error":"Bad Request","message":"Failed to convert value of type 'java.lang.String' to required type 'int'; nested exception is java.lang.NumberFormatException: For input string: \"status\"","path":"/transfers/status/2"}]
2023-03-11T16:54:30.0824474 400 : [{"timestamp":"2023-03-11T21:54:30.081+00:00","status":400,"error":"Bad Request","message":"Failed to convert value of type 'java.lang.String' to required type 'int'; nested exception is java.lang.NumberFormatException: For input string: \"status\"","path":"/transfers/status/2"}]
2023-03-11T16:54:30.0939517 400 : [{"timestamp":"2023-03-11T21:54:30.092+00:00","status":400,"error":"Bad Request","message":"Failed to convert value of type 'java.lang.String' to required type 'int'; nested exception is java.lang.NumberFormatException: For input string: \"status\"","path":"/transfers/status/2"}]
2023-03-11T16:54:30.1064692 400 : [{"timestamp":"2023-03-11T21:54:30.103+00:00","status":400,"error":"Bad Request","message":"Failed to convert value of type 'java.lang.String' to required type 'int'; nested exception is java.lang.NumberFormatException: For input string: \"status\"","path":"/transfers/status/1"}]
2023-03-11T16:54:30.1174792 400 : [{"timestamp":"2023-03-11T21:54:30.116+00:00","status":400,"error":"Bad Request","message":"Failed to convert value of type 'java.lang.String' to required type 'int'; nested exception is java.lang.NumberFormatException: For input string: \"status\"","path":"/transfers/status/1"}]
2023-03-11T16:54:30.1269901 400 : [{"timestamp":"2023-03-11T21:54:30.125+00:00","status":400,"error":"Bad Request","message":"Failed to convert value of type 'java.lang.String' to required type 'int'; nested exception is java.lang.NumberFormatException: For input string: \"status\"","path":"/transfers/status/1"}]
2023-03-11T18:28:30.0726195 I/O error on POST request for "http://localhost:8080/login": Connection refused: connect; nested exception is java.net.ConnectException: Connection refused: connect
2023-03-11T18:28:41.6696462 I/O error on POST request for "http://localhost:8080/login": Connection refused: connect; nested exception is java.net.ConnectException: Connection refused: connect
2023-03-11T18:29:06.324512 401 : [no body]
2023-03-11T19:28:06.8578691 401 : [no body]
2023-03-11T20:36:52.1879423 403 : [{"timestamp":"2023-03-12T01:36:52.168+00:00","status":403,"error":"Forbidden","message":"Send transfers are automatically approved.","path":"/transfers"}]
2023-03-11T20:39:33.812476 403 : [{"timestamp":"2023-03-12T01:39:33.742+00:00","status":403,"error":"Forbidden","message":"Send transfers are automatically approved.","path":"/transfers"}]
2023-03-11T20:41:00.601284 I/O error on POST request for "http://localhost:8080/login": Connection refused: connect; nested exception is java.net.ConnectException: Connection refused: connect
2023-03-11T20:45:24.9622182 403 : [{"timestamp":"2023-03-12T01:45:24.936+00:00","status":403,"error":"Forbidden","message":"Send transfers are automatically approved.","path":"/transfers"}]
2023-03-11T20:46:25.4770809 401 : [no body]
2023-03-11T20:46:37.207607 401 : [no body]
2023-03-11T20:49:55.22704 403 : [{"timestamp":"2023-03-12T01:49:55.131+00:00","status":403,"error":"Forbidden","message":"Send transfers are automatically approved.","path":"/transfers"}]
2023-03-11T20:53:36.4274721 401 : [no body]
